android/app/build/outputs/mapping/release/seeds.txt
com.zhizhi.MainActivity
com.zhizhi.MainActivity: MainActivity()
com.zhizhi.MainApplication
com.zhizhi.MainApplication: MainApplication()
com.zhizhi.R$anim: int abc_fade_in
com.zhizhi.R$anim: int abc_fade_out
com.zhizhi.R$anim: int abc_grow_fade_in_from_bottom
com.zhizhi.R$anim: int abc_popup_enter
com.zhizhi.R$anim: int abc_popup_exit
com.zhizhi.R$anim: int abc_shrink_fade_out_from_bottom
com.zhizhi.R$anim: int abc_slide_in_bottom
com.zhizhi.R$anim: int abc_slide_in_top
com.zhizhi.R$anim: int abc_slide_out_bottom
com.zhizhi.R$anim: int abc_slide_out_top
com.zhizhi.R$anim: int catalyst_fade_in
com.zhizhi.R$anim: int catalyst_fade_out
com.zhizhi.R$anim: int catalyst_push_up_in
com.zhizhi.R$anim: int catalyst_push_up_out
com.zhizhi.R$anim: int catalyst_slide_down
com.zhizhi.R$anim: int catalyst_slide_up
com.zhizhi.R$attr: int actionBarDivider
com.zhizhi.R$attr: int actionBarItemBackground
com.zhizhi.R$attr: int actionBarPopupTheme
com.zhizhi.R$attr: int actionBarSize
com.zhizhi.R$attr: int actionBarSplitStyle
com.zhizhi.R$attr: int actionBarStyle
com.zhizhi.R$attr: int actionBarTabBarStyle
com.zhizhi.R$attr: int actionBarTabStyle
com.zhizhi.R$attr: int actionBarTabTextStyle
com.zhizhi.R$attr: int actionBarTheme
com.zhizhi.R$attr: int actionBarWidgetTheme
com.zhizhi.R$attr: int actionButtonStyle
com.zhizhi.R$attr: int actionDropDownStyle
com.zhizhi.R$attr: int actionLayout
com.zhizhi.R$attr: int actionMenuTextAppearance
com.zhizhi.R$attr: int actionMenuTextColor
com.zhizhi.R$attr: int actionModeBackground
com.zhizhi.R$attr: int actionModeCloseButtonStyle
com.zhizhi.R$attr: int actionModeCloseDrawable
com.zhizhi.R$attr: int actionModeCopyDrawable
com.zhizhi.R$attr: int actionModeCutDrawable
com.zhizhi.R$attr: int actionModeFindDrawable
com.zhizhi.R$attr: int actionModePasteDrawable
com.zhizhi.R$attr: int actionModePopupWindowStyle
com.zhizhi.R$attr: int actionModeSelectAllDrawable
com.zhizhi.R$attr: int actionModeShareDrawable
com.zhizhi.R$attr: int actionModeSplitBackground
com.zhizhi.R$attr: int actionModeStyle
com.zhizhi.R$attr: int actionModeWebSearchDrawable
com.zhizhi.R$attr: int actionOverflowButtonStyle
com.zhizhi.R$attr: int actionOverflowMenuStyle
com.zhizhi.R$attr: int actionProviderClass
com.zhizhi.R$attr: int actionViewClass
com.zhizhi.R$bool: int abc_action_bar_embed_tabs
com.zhizhi.R$bool: int abc_action_bar_embed_tabs_pre_jb
com.zhizhi.R$bool: int abc_action_bar_expanded_action_views_exclusive
com.zhizhi.R$bool: int abc_config_actionMenuItemAllCaps
com.zhizhi.R$bool: int abc_config_allowActionMenuItemTextWithIcon
com.zhizhi.R$bool: int abc_config_closeDialogWhenTouchOutside
com.zhizhi.R$bool: int abc_config_showMenuShortcutsWhenKeyboardPresent
...
okhttp3.OkHttpClient$1
okhttp3.OkHttpClient$1: OkHttpClient$1()
okhttp3.OkHttpClient$1: void addLenient(okhttp3.Headers$Builder,java.lang.String)
okhttp3.OkHttpClient$1: void addLenient(okhttp3.Headers$Builder,java.lang.String,java.lang.String)
okhttp3.OkHttpClient$1: void setCache(okhttp3.OkHttpClient$Builder,okhttp3.internal.cache.InternalCache)
okhttp3.OkHttpClient$1: boolean connectionBecameIdle(okhttp3.ConnectionPool,okhttp3.internal.connection.RealConnection)
okhttp3.OkHttpClient$1: okhttp3.internal.connection.RealConnection get(okhttp3.ConnectionPool,okhttp3.Address,okhttp3.internal.connection.StreamAllocation)
okhttp3.OkHttpClient$1: java.net.Socket deduplicate(okhttp3.ConnectionPool,okhttp3.Address,okhttp3.internal.connection.StreamAllocation)
okhttp3.OkHttpClient$1: void put(okhttp3.ConnectionPool,okhttp3.internal.connection.RealConnection)
okhttp3.OkHttpClient$1: okhttp3.internal.connection.RouteDatabase routeDatabase(okhttp3.ConnectionPool)
okhttp3.OkHttpClient$1: int code(okhttp3.Response$Builder)
okhttp3.OkHttpClient$1: void apply(okhttp3.ConnectionSpec,javax.net.ssl.SSLSocket,boolean)
okhttp3.OkHttpClient$1: okhttp3.HttpUrl getHttpUrlChecked(java.lang.String)
okhttp3.OkHttpClient$1: okhttp3.internal.connection.StreamAllocation streamAllocation(okhttp3.Call)
okhttp3.OkHttpClient$1: okhttp3.Call newWebSocketCall(okhttp3.OkHttpClient,okhttp3.Request)
okhttp3.OkHttpClient$Builder
okhttp3.OkHttpClient$Builder: okhttp3.Dispatcher dispatcher
okhttp3.OkHttpClient$Builder: java.net.Proxy proxy
okhttp3.OkHttpClient$Builder: java.util.List protocols
okhttp3.OkHttpClient$Builder: java.util.List connectionSpecs
okhttp3.OkHttpClient$Builder: java.util.List interceptors
okhttp3.OkHttpClient$Builder: java.util.List networkInterceptors
okhttp3.OkHttpClient$Builder: java.net.ProxySelector proxySelector
okhttp3.OkHttpClient$Builder: okhttp3.CookieJar cookieJar
okhttp3.OkHttpClient$Builder: okhttp3.Cache cache
okhttp3.OkHttpClient$Builder: okhttp3.internal.cache.InternalCache internalCache
okhttp3.OkHttpClient$Builder: javax.net.SocketFactory socketFactory
okhttp3.OkHttpClient$Builder: javax.net.ssl.SSLSocketFactory sslSocketFactory
okhttp3.OkHttpClient$Builder: okhttp3.internal.tls.CertificateChainCleaner certificateChainCleaner
okhttp3.OkHttpClient$Builder: javax.net.ssl.HostnameVerifier hostnameVerifier
okhttp3.OkHttpClient$Builder: okhttp3.CertificatePinner certificatePinner
okhttp3.OkHttpClient$Builder: okhttp3.Authenticator proxyAuthenticator
okhttp3.OkHttpClient$Builder: okhttp3.Authenticator authenticator
okhttp3.OkHttpClient$Builder: okhttp3.ConnectionPool connectionPool
okhttp3.OkHttpClient$Builder: okhttp3.Dns dns
okhttp3.OkHttpClient$Builder: boolean followSslRedirects
okhttp3.OkHttpClient$Builder: boolean followRedirects
okhttp3.OkHttpClient$Builder: boolean retryOnConnectionFailure
okhttp3.OkUrlFactory
okhttp3.OkUrlFactory: okhttp3.OkHttpClient client
okhttp3.OkUrlFactory: okhttp3.internal.URLFilter urlFilter
okhttp3.OkUrlFactory: OkUrlFactory(okhttp3.OkHttpClient)
okhttp3.OkUrlFactory: okhttp3.OkHttpClient client()
okhttp3.OkUrlFactory: okhttp3.OkUrlFactory setClient(okhttp3.OkHttpClient)
okhttp3.OkUrlFactory: void setUrlFilter(okhttp3.internal.URLFilter)
okhttp3.OkUrlFactory: okhttp3.OkUrlFactory clone()
okhttp3.OkUrlFactory: java.net.HttpURLConnection open(java.net.URL)
okhttp3.OkUrlFactory: java.net.HttpURLConnection open(java.net.URL,java.net.Proxy)
okhttp3.OkUrlFactory: java.net.URLStreamHandler createURLStreamHandler(java.lang.String)
okhttp3.OkUrlFactory: java.lang.Object clone()
okhttp3.OkUrlFactory$1
okhttp3.OkUrlFactory$1: java.lang.String val$protocol
okhttp3.OkUrlFactory$1: okhttp3.OkUrlFactory this$0
okhttp3.OkUrlFactory$1: OkUrlFactory$1(okhttp3.OkUrlFactory,java.lang.String)
okhttp3.OkUrlFactory$1: java.net.URLConnection openConnection(java.net.URL)
okhttp3.OkUrlFactory$1: java.net.URLConnection openConnection(java.net.URL,java.net.Proxy)
okhttp3.OkUrlFactory$1: int getDefaultPort()