android/app/build/outputs/mapping/release/usage.txt
com.zhizhi.BuildConfig
com.zhizhi.R
com.zhizhi.R$anim
com.zhizhi.R$attr
com.zhizhi.R$bool
com.zhizhi.R$color
com.zhizhi.R$dimen
com.zhizhi.R$drawable
com.zhizhi.R$id
com.zhizhi.R$integer
com.zhizhi.R$layout
com.zhizhi.R$mipmap
com.zhizhi.R$string
com.zhizhi.R$style
com.zhizhi.R$styleable
com.zhizhi.R$xml
...
com.facebook.infer.annotation.Initializer
com.facebook.infer.annotation.IntegritySink
com.facebook.infer.annotation.IntegritySource
com.facebook.infer.annotation.Mutable
com.facebook.infer.annotation.NoAllocation
com.facebook.infer.annotation.OkToExtend
com.facebook.infer.annotation.PerformanceCritical
com.facebook.infer.annotation.Present
com.facebook.infer.annotation.PrivacySink
com.facebook.infer.annotation.PrivacySource
com.facebook.infer.annotation.ReturnsOwnership
com.facebook.infer.annotation.SuppressFieldNotInitialized
com.facebook.infer.annotation.SuppressFieldNotNullable
com.facebook.infer.annotation.SuppressLint
com.facebook.infer.annotation.SuppressNullFieldAccess
com.facebook.infer.annotation.SuppressNullMethodCall
com.facebook.infer.annotation.SuppressParameterNotNullable
com.facebook.infer.annotation.SuppressReturnOverAnnotated
com.facebook.infer.annotation.SuppressViewNullability
com.facebook.infer.annotation.ThreadConfined
com.facebook.infer.annotation.ThreadSafe
com.facebook.infer.annotation.TrueOnNull
com.facebook.infer.annotation.Verify
com.facebook.jni.CppSystemErrorException:
    25:25:public int getErrorCode()
com.facebook.jni.DestructorThread:
    19:19:public DestructorThread()
com.facebook.jni.HybridData:
    55:55:public boolean isValid()
com.facebook.jni.HybridData$Destructor:
    58:58:static synthetic long access$000(com.facebook.jni.HybridData$Destructor)
com.facebook.jni.JniTerminateHandler
com.facebook.jni.NativeRunnable:
    private final com.facebook.jni.HybridData mHybridData
    23:25:private NativeRunnable(com.facebook.jni.HybridData)
com.facebook.perftest.PerfTestConfig
com.facebook.react.BuildConfig
com.facebook.react.CompositeReactPackage
com.facebook.react.EagerModuleProvider
com.facebook.react.HeadlessJsTaskService
com.facebook.react.HeadlessJsTaskService$1
com.facebook.react.HeadlessJsTaskService$2
com.facebook.react.MemoryPressureRouter:
    25:26:public void destroy(android.content.Context)
com.facebook.react.R:
    9:9:public R()
com.facebook.react.R$anim
com.facebook.react.R$attr
com.facebook.react.R$bool
com.facebook.react.R$color
com.facebook.react.R$dimen
com.facebook.react.R$drawable
com.facebook.react.R$id:
    481:481:public R$id()
com.facebook.react.R$integer
com.facebook.react.R$layout
com.facebook.react.R$string:
    645:645:public R$string()
com.facebook.react.R$style:
    689:689:public R$style()
com.facebook.react.R$styleable
com.facebook.react.R$xml:
    1372:1372:public R$xml()
com.facebook.react.ReactActivity:
    121:121:protected final com.facebook.react.ReactNativeHost getReactNativeHost()
    125:125:protected final com.facebook.react.ReactInstanceManager getReactInstanceManager()
    129:130:protected final void loadApp(java.lang.String)
com.facebook.react.ReactActivityDelegate:
    46:50:public ReactActivityDelegate(android.support.v4.app.FragmentActivity,java.lang.String)
    72:72:public com.facebook.react.ReactInstanceManager getReactInstanceManager()
com.facebook.react.ReactFragmentActivity